<?xml version="1.0" encoding="UTF-8"?>
<testsuite name="TestSuite" time="0.009" tests="4" errors="0" skipped="0" failures="0">
  <properties>
[...]
</properties>
  <testcase name="testMethodOne" classname="com.demo.RegularExpressionGroupTest" time="0.007"/>
  <testcase name="testMethodTwo" classname="com.demo.RegularExpressionGroupTest" time="0"/>
  <testcase name="testMethodOne" classname="com.demo.ParallelSuiteTest" time="0.001"/>
  <testcase name="testMethodOne" classname="com.demo.ParallelSuiteTest" time="0.001"/>
</testsuite>